[ 2016-06-27T13:47:21+08:00 ] 61.149.182.106 /dh/
INFO: [ app_begin ] --START--
INFO: ReadHtmlCache Behavior ::run [ RunTime:0.000546s ]
INFO: CheckLang Behavior ::run [ RunTime:0.001125s ]
INFO: [ app_begin ] --END-- [ RunTime:0.001812s ]
SQL: SHOW COLUMNS FROM `cc_tags` [ RunTime:0.001066s ]
SQL: SELECT tags.id,tags.name,tags.alias,tags_type.icon,tags_type.id AS tags_type_id FROM cc_tags tags INNER JOIN cc_tags_type tags_type ON tags.id=tags_type.tags_id WHERE tags_type.type=2 AND tags_type.tags_pid=0 ORDER BY tags_type.sort_order DESC [ RunTime:0.000446s ]
SQL: SHOW COLUMNS FROM `cc_link` [ RunTime:0.000823s ]
SQL: SELECT * FROM `cc_link` ORDER BY sort_order DESC  [ RunTime:0.000455s ]
NOTIC: [8] Undefined variable: setting /data/home/qxu1141780211/htdocs/dh/Home/Lib/Action/CommonAction.class.php 第 30 行.
NOTIC: [2] Invalid argument supplied for foreach() /data/home/qxu1141780211/htdocs/dh/Home/Lib/Action/CommonAction.class.php 第 30 行.
SQL: SHOW COLUMNS FROM `cc_item` [ RunTime:0.000967s ]
SQL: SHOW COLUMNS FROM `cc_tags_type` [ RunTime:0.000861s ]
SQL: SELECT tags.id,tags.name,tags.alias FROM cc_tags_type tags_type INNER JOIN cc_tags tags ON tags_type.tags_id=tags.id WHERE tags_type.tags_pid=1 ORDER BY tags_type.sort_order DESC,tags.id ASC [ RunTime:0.000480s ]
SQL: SELECT item.title,item.url,item.icon,item.description,item.is_hot FROM cc_item item INNER JOIN cc_tags_relationship tags_relationship ON item.id=tags_relationship.item_id WHERE item.status=1 AND tags_relationship.tags_type_id=1 ORDER BY item.sort_order DESC,item.id ASC LIMIT 100 [ RunTime:0.000948s ]
SQL: SELECT tags.id,tags.name,tags.alias FROM cc_tags_type tags_type INNER JOIN cc_tags tags ON tags_type.tags_id=tags.id WHERE tags_type.tags_pid=2 ORDER BY tags_type.sort_order DESC,tags.id ASC [ RunTime:0.000439s ]
SQL: SELECT item.title,item.url,item.icon,item.description,item.is_hot FROM cc_item item INNER JOIN cc_tags_relationship tags_relationship ON item.id=tags_relationship.item_id WHERE item.status=1 AND tags_relationship.tags_type_id=2 ORDER BY item.sort_order DESC,item.id ASC LIMIT 100 [ RunTime:0.000516s ]
SQL: SELECT tags.id,tags.name,tags.alias FROM cc_tags_type tags_type INNER JOIN cc_tags tags ON tags_type.tags_id=tags.id WHERE tags_type.tags_pid=3 ORDER BY tags_type.sort_order DESC,tags.id ASC [ RunTime:0.000407s ]
SQL: SELECT item.title,item.url,item.icon,item.description,item.is_hot FROM cc_item item INNER JOIN cc_tags_relationship tags_relationship ON item.id=tags_relationship.item_id WHERE item.status=1 AND tags_relationship.tags_type_id=3 ORDER BY item.sort_order DESC,item.id ASC LIMIT 100 [ RunTime:0.000491s ]
NOTIC: [8] Undefined variable: tags /data/home/qxu1141780211/htdocs/dh/Home/Lib/Action/IndexAction.class.php 第 42 行.
INFO: [ view_parse ] --START--
NOTIC: [8] Undefined index: kw /data/home/qxu1141780211/htdocs/dh/Public/Cache/Home/Cache/71dd44981c432497b93df8298e17de70.php 第 49 行.
NOTIC: [8] Undefined variable: actionName /data/home/qxu1141780211/htdocs/dh/Public/Cache/Home/Cache/71dd44981c432497b93df8298e17de70.php 第 63 行.
NOTIC: [8] Undefined variable: actionName /data/home/qxu1141780211/htdocs/dh/Public/Cache/Home/Cache/71dd44981c432497b93df8298e17de70.php 第 63 行.
NOTIC: [8] Undefined variable: actionName /data/home/qxu1141780211/htdocs/dh/Public/Cache/Home/Cache/71dd44981c432497b93df8298e17de70.php 第 63 行.
SQL: SHOW COLUMNS FROM `cc_advert` [ RunTime:0.007703s ]
SQL: SELECT * FROM `cc_advert` WHERE ( status=1 ) ORDER BY sort_order desc  [ RunTime:0.000473s ]
SQL: SELECT `id`,`title`,`url`,`icon`,`logo`,`description` FROM `cc_item` WHERE ( status=1 AND logo!='' ) ORDER BY is_hot desc,sort_order desc,id asc LIMIT 27   [ RunTime:0.000801s ]
INFO: ParseTemplate Behavior ::run [ RunTime:0.031147s ]
INFO: [ view_parse ] --END-- [ RunTime:0.031204s ]
INFO: [ view_filter ] --START--
INFO: ContentReplace Behavior ::run [ RunTime:0.000678s ]
INFO: TokenBuild Behavior ::run [ RunTime:0.000420s ]
INFO: WriteHtmlCache Behavior ::run [ RunTime:0.000326s ]
INFO: ShowRuntime Behavior ::run [ RunTime:0.000533s ]
INFO: [ view_filter ] --END-- [ RunTime:0.002096s ]
INFO: [ view_end ] --START--
INFO: ShowPageTrace Behavior ::run [ RunTime:0.000601s ]
INFO: [ view_end ] --END-- [ RunTime:0.000651s ]

[ 2016-06-27T13:47:27+08:00 ] 61.149.182.106 /dh/
INFO: [ app_begin ] --START--
INFO: ReadHtmlCache Behavior ::run [ RunTime:0.000595s ]
INFO: CheckLang Behavior ::run [ RunTime:0.001191s ]
INFO: [ app_begin ] --END-- [ RunTime:0.001933s ]
SQL: SHOW COLUMNS FROM `cc_item` [ RunTime:0.001309s ]
SQL: SHOW COLUMNS FROM `cc_tags_type` [ RunTime:0.000985s ]
SQL: SELECT tags.id,tags.name,tags.alias FROM cc_tags_type tags_type INNER JOIN cc_tags tags ON tags_type.tags_id=tags.id WHERE tags_type.tags_pid=1 ORDER BY tags_type.sort_order DESC,tags.id ASC [ RunTime:0.000514s ]
SQL: SELECT item.title,item.url,item.icon,item.description,item.is_hot FROM cc_item item INNER JOIN cc_tags_relationship tags_relationship ON item.id=tags_relationship.item_id WHERE item.status=1 AND tags_relationship.tags_type_id=1 ORDER BY item.sort_order DESC,item.id ASC LIMIT 100 [ RunTime:0.001036s ]
SQL: SELECT tags.id,tags.name,tags.alias FROM cc_tags_type tags_type INNER JOIN cc_tags tags ON tags_type.tags_id=tags.id WHERE tags_type.tags_pid=2 ORDER BY tags_type.sort_order DESC,tags.id ASC [ RunTime:0.000443s ]
SQL: SELECT item.title,item.url,item.icon,item.description,item.is_hot FROM cc_item item INNER JOIN cc_tags_relationship tags_relationship ON item.id=tags_relationship.item_id WHERE item.status=1 AND tags_relationship.tags_type_id=2 ORDER BY item.sort_order DESC,item.id ASC LIMIT 100 [ RunTime:0.000564s ]
SQL: SELECT tags.id,tags.name,tags.alias FROM cc_tags_type tags_type INNER JOIN cc_tags tags ON tags_type.tags_id=tags.id WHERE tags_type.tags_pid=3 ORDER BY tags_type.sort_order DESC,tags.id ASC [ RunTime:0.000603s ]
SQL: SELECT item.title,item.url,item.icon,item.description,item.is_hot FROM cc_item item INNER JOIN cc_tags_relationship tags_relationship ON item.id=tags_relationship.item_id WHERE item.status=1 AND tags_relationship.tags_type_id=3 ORDER BY item.sort_order DESC,item.id ASC LIMIT 100 [ RunTime:0.000677s ]
NOTIC: [8] Undefined variable: tags /data/home/qxu1141780211/htdocs/dh/Home/Lib/Action/IndexAction.class.php 第 42 行.
INFO: [ view_parse ] --START--
NOTIC: [8] Undefined index: kw /data/home/qxu1141780211/htdocs/dh/Public/Cache/Home/Cache/71dd44981c432497b93df8298e17de70.php 第 49 行.
NOTIC: [8] Undefined variable: actionName /data/home/qxu1141780211/htdocs/dh/Public/Cache/Home/Cache/71dd44981c432497b93df8298e17de70.php 第 63 行.
NOTIC: [8] Undefined variable: actionName /data/home/qxu1141780211/htdocs/dh/Public/Cache/Home/Cache/71dd44981c432497b93df8298e17de70.php 第 63 行.
NOTIC: [8] Undefined variable: actionName /data/home/qxu1141780211/htdocs/dh/Public/Cache/Home/Cache/71dd44981c432497b93df8298e17de70.php 第 63 行.
SQL: SHOW COLUMNS FROM `cc_advert` [ RunTime:0.001452s ]
SQL: SELECT * FROM `cc_advert` WHERE ( status=1 ) ORDER BY sort_order desc  [ RunTime:0.000489s ]
SQL: SELECT `id`,`title`,`url`,`icon`,`logo`,`description` FROM `cc_item` WHERE ( status=1 AND logo!='' ) ORDER BY is_hot desc,sort_order desc,id asc LIMIT 27   [ RunTime:0.000567s ]
INFO: ParseTemplate Behavior ::run [ RunTime:0.024955s ]
INFO: [ view_parse ] --END-- [ RunTime:0.025010s ]
INFO: [ view_filter ] --START--
INFO: ContentReplace Behavior ::run [ RunTime:0.000691s ]
INFO: TokenBuild Behavior ::run [ RunTime:0.000450s ]
INFO: WriteHtmlCache Behavior ::run [ RunTime:0.000429s ]
INFO: ShowRuntime Behavior ::run [ RunTime:0.000517s ]
INFO: [ view_filter ] --END-- [ RunTime:0.002222s ]
INFO: [ view_end ] --START--
INFO: ShowPageTrace Behavior ::run [ RunTime:0.000592s ]
INFO: [ view_end ] --END-- [ RunTime:0.000634s ]

