[ 2016-06-28T10:39:02+08:00 ] 61.149.182.106 /dh/
INFO: [ app_begin ] --START--
INFO: ReadHtmlCache Behavior ::run [ RunTime:0.000763s ]
INFO: CheckLang Behavior ::run [ RunTime:0.001849s ]
INFO: [ app_begin ] --END-- [ RunTime:0.002881s ]
SQL: SHOW COLUMNS FROM `cc_tags` [ RunTime:0.001305s ]
SQL: SELECT tags.id,tags.name,tags.alias,tags_type.icon,tags_type.id AS tags_type_id FROM cc_tags tags INNER JOIN cc_tags_type tags_type ON tags.id=tags_type.tags_id WHERE tags_type.type=2 AND tags_type.tags_pid=0 ORDER BY tags_type.sort_order DESC [ RunTime:0.000886s ]
SQL: SHOW COLUMNS FROM `cc_link` [ RunTime:0.001029s ]
SQL: SELECT * FROM `cc_link` ORDER BY sort_order DESC  [ RunTime:0.000529s ]
NOTIC: [8] Undefined variable: setting /data/home/qxu1141780211/htdocs/dh/Home/Lib/Action/CommonAction.class.php 第 30 行.
NOTIC: [2] Invalid argument supplied for foreach() /data/home/qxu1141780211/htdocs/dh/Home/Lib/Action/CommonAction.class.php 第 30 行.
SQL: SHOW COLUMNS FROM `cc_item` [ RunTime:0.001126s ]
SQL: SHOW COLUMNS FROM `cc_tags_type` [ RunTime:0.000900s ]
SQL: SELECT tags.id,tags.name,tags.alias FROM cc_tags_type tags_type INNER JOIN cc_tags tags ON tags_type.tags_id=tags.id WHERE tags_type.tags_pid=1 ORDER BY tags_type.sort_order DESC,tags.id ASC [ RunTime:0.000589s ]
SQL: SELECT item.title,item.url,item.icon,item.description,item.is_hot FROM cc_item item INNER JOIN cc_tags_relationship tags_relationship ON item.id=tags_relationship.item_id WHERE item.status=1 AND tags_relationship.tags_type_id=1 ORDER BY item.sort_order DESC,item.id ASC LIMIT 100 [ RunTime:0.001522s ]
SQL: SELECT tags.id,tags.name,tags.alias FROM cc_tags_type tags_type INNER JOIN cc_tags tags ON tags_type.tags_id=tags.id WHERE tags_type.tags_pid=2 ORDER BY tags_type.sort_order DESC,tags.id ASC [ RunTime:0.000540s ]
SQL: SELECT item.title,item.url,item.icon,item.description,item.is_hot FROM cc_item item INNER JOIN cc_tags_relationship tags_relationship ON item.id=tags_relationship.item_id WHERE item.status=1 AND tags_relationship.tags_type_id=2 ORDER BY item.sort_order DESC,item.id ASC LIMIT 100 [ RunTime:0.001026s ]
SQL: SELECT tags.id,tags.name,tags.alias FROM cc_tags_type tags_type INNER JOIN cc_tags tags ON tags_type.tags_id=tags.id WHERE tags_type.tags_pid=3 ORDER BY tags_type.sort_order DESC,tags.id ASC [ RunTime:0.000612s ]
SQL: SELECT item.title,item.url,item.icon,item.description,item.is_hot FROM cc_item item INNER JOIN cc_tags_relationship tags_relationship ON item.id=tags_relationship.item_id WHERE item.status=1 AND tags_relationship.tags_type_id=3 ORDER BY item.sort_order DESC,item.id ASC LIMIT 100 [ RunTime:0.000993s ]
NOTIC: [8] Undefined variable: tags /data/home/qxu1141780211/htdocs/dh/Home/Lib/Action/IndexAction.class.php 第 42 行.
INFO: [ view_parse ] --START--
NOTIC: [8] Undefined index: kw /data/home/qxu1141780211/htdocs/dh/Public/Cache/Home/Cache/71dd44981c432497b93df8298e17de70.php 第 49 行.
NOTIC: [8] Undefined variable: actionName /data/home/qxu1141780211/htdocs/dh/Public/Cache/Home/Cache/71dd44981c432497b93df8298e17de70.php 第 63 行.
NOTIC: [8] Undefined variable: actionName /data/home/qxu1141780211/htdocs/dh/Public/Cache/Home/Cache/71dd44981c432497b93df8298e17de70.php 第 63 行.
NOTIC: [8] Undefined variable: actionName /data/home/qxu1141780211/htdocs/dh/Public/Cache/Home/Cache/71dd44981c432497b93df8298e17de70.php 第 63 行.
SQL: SHOW COLUMNS FROM `cc_advert` [ RunTime:0.001421s ]
SQL: SELECT * FROM `cc_advert` WHERE ( status=1 ) ORDER BY sort_order desc  [ RunTime:0.000605s ]
SQL: SELECT `id`,`title`,`url`,`icon`,`logo`,`description` FROM `cc_item` WHERE ( status=1 AND logo!='' ) ORDER BY is_hot desc,sort_order desc,id asc LIMIT 27   [ RunTime:0.000810s ]
INFO: ParseTemplate Behavior ::run [ RunTime:0.025566s ]
INFO: [ view_parse ] --END-- [ RunTime:0.025621s ]
INFO: [ view_filter ] --START--
INFO: ContentReplace Behavior ::run [ RunTime:0.000705s ]
INFO: TokenBuild Behavior ::run [ RunTime:0.000524s ]
INFO: WriteHtmlCache Behavior ::run [ RunTime:0.000358s ]
INFO: ShowRuntime Behavior ::run [ RunTime:0.000583s ]
INFO: [ view_filter ] --END-- [ RunTime:0.002328s ]
INFO: [ view_end ] --START--
INFO: ShowPageTrace Behavior ::run [ RunTime:0.000885s ]
INFO: [ view_end ] --END-- [ RunTime:0.000959s ]

